2024-12-08 23:13:15.270 | INFO     | __main__:main:343 - Multi-Source Feature Pipeline Starting...
2024-12-08 23:13:15.271 | INFO     | __main__:process_all_sources:199 - Starting processing for 3 sources
2024-12-08 23:13:15.271 | INFO     | __main__:process_all_sources:206 - Processing source: GitHub
2024-12-08 23:13:16.138 | INFO     | __main__:process_all_sources:219 - Found 0 unprocessed documents in GitHub
2024-12-08 23:13:16.138 | SUCCESS  | __main__:process_all_sources:259 - Completed GitHub. Processed: 0, Errors: 0
2024-12-08 23:13:16.138 | INFO     | __main__:process_all_sources:206 - Processing source: Medium
2024-12-08 23:13:16.782 | INFO     | __main__:process_all_sources:219 - Found 0 unprocessed documents in Medium
2024-12-08 23:13:16.782 | SUCCESS  | __main__:process_all_sources:259 - Completed Medium. Processed: 0, Errors: 0
2024-12-08 23:13:16.782 | INFO     | __main__:process_all_sources:206 - Processing source: LinkedIn
2024-12-08 23:13:17.778 | INFO     | __main__:process_all_sources:219 - Found 0 unprocessed documents in LinkedIn
2024-12-08 23:13:17.779 | SUCCESS  | __main__:process_all_sources:259 - Completed LinkedIn. Processed: 0, Errors: 0
2024-12-08 23:13:17.779 | INFO     | __main__:process_all_sources:264 - Overall Processing Complete. Total Processed: 0, Total Errors: 0
2024-12-08 23:13:17.779 | SUCCESS  | __main__:main:360 - Multi-Source Feature Pipeline Completed Successfully
2024-12-08 23:18:36.109 | INFO     | __main__:main:343 - Multi-Source Feature Pipeline Starting...
2024-12-08 23:18:36.111 | INFO     | __main__:process_all_sources:199 - Starting processing for 3 sources
2024-12-08 23:18:36.111 | INFO     | __main__:process_all_sources:206 - Processing source: GitHub
2024-12-08 23:18:37.407 | INFO     | __main__:process_all_sources:219 - Found 0 unprocessed documents in GitHub
2024-12-08 23:18:37.407 | SUCCESS  | __main__:process_all_sources:259 - Completed GitHub. Processed: 0, Errors: 0
2024-12-08 23:18:37.407 | INFO     | __main__:process_all_sources:206 - Processing source: Medium
2024-12-08 23:18:38.114 | INFO     | __main__:process_all_sources:219 - Found 0 unprocessed documents in Medium
2024-12-08 23:18:38.115 | SUCCESS  | __main__:process_all_sources:259 - Completed Medium. Processed: 0, Errors: 0
2024-12-08 23:18:38.115 | INFO     | __main__:process_all_sources:206 - Processing source: LinkedIn
2024-12-08 23:18:38.726 | INFO     | __main__:process_all_sources:219 - Found 0 unprocessed documents in LinkedIn
2024-12-08 23:18:38.726 | SUCCESS  | __main__:process_all_sources:259 - Completed LinkedIn. Processed: 0, Errors: 0
2024-12-08 23:18:38.726 | INFO     | __main__:process_all_sources:264 - Overall Processing Complete. Total Processed: 0, Total Errors: 0
2024-12-08 23:18:38.726 | SUCCESS  | __main__:main:360 - Multi-Source Feature Pipeline Completed Successfully
